2025-09-01 19:35:19,869 - ERROR - Traditional decision error: 'int' object has no attribute 'tz'
2025-09-01 19:35:19,870 - INFO - ⚡ Hybrid System Decisions: 1 new signals
2025-09-01 19:35:19,870 - INFO -    📊 momentum_standard: DOWN (confidence: 9.06%)
2025-09-01 19:35:19,871 - INFO - 📄 PAPER TRADE OPENED: momentum_standard DOWN @ 1.1695 (size: 0.001)
2025-09-01 19:40:25,783 - INFO - 🚀 Starting HYBRID trading session: 120 minutes
2025-09-01 19:42:56,972 - INFO - ⚡ Hybrid System Decisions: 1 new signals
2025-09-01 19:42:56,972 - INFO -    📊 momentum_standard: DOWN (confidence: 8.12%)
2025-09-01 19:42:56,972 - INFO - 📄 PAPER TRADE OPENED: momentum_standard DOWN @ 1.1697 (size: 0.001)
2025-09-01 19:44:57,985 - ERROR - Traditional decision error: 'int' object has no attribute 'tz'
2025-09-01 19:45:58,356 - INFO - ⚡ Hybrid System Decisions: 1 new signals
2025-09-01 19:45:58,356 - INFO -    📊 momentum_micro: UP (confidence: 10.32%)
2025-09-01 19:45:58,356 - INFO - 📄 PAPER TRADE OPENED: momentum_micro UP @ 1.1699 (size: 0.000)
2025-09-01 19:48:59,812 - INFO - ⚡ Hybrid System Decisions: 1 new signals
2025-09-01 19:48:59,812 - INFO -    📊 momentum_micro: UP (confidence: 10.32%)
2025-09-01 19:48:59,812 - INFO - 📄 PAPER TRADE OPENED: momentum_micro UP @ 1.1699 (size: 0.000)
2025-09-01 19:50:00,278 - ERROR - Traditional decision error: 'int' object has no attribute 'tz'
2025-09-01 19:55:02,811 - ERROR - Traditional decision error: 'int' object has no attribute 'tz'
2025-09-01 20:00:05,216 - ERROR - Traditional decision error: 'int' object has no attribute 'tz'
2025-09-01 20:01:05,683 - INFO - 📄 PAPER TRADE CLOSED: momentum_micro (time_exit) PnL: $-0.00 (-0.9 pips)
2025-09-01 20:04:06,850 - INFO - 📄 PAPER TRADE CLOSED: momentum_micro (time_exit) PnL: $-0.00 (-0.9 pips)
2025-09-01 20:05:07,298 - ERROR - Traditional decision error: 'int' object has no attribute 'tz'
2025-09-01 20:10:09,843 - ERROR - Traditional decision error: 'int' object has no attribute 'tz'
2025-09-01 20:10:09,844 - INFO - ⚡ Hybrid System Decisions: 1 new signals
2025-09-01 20:10:09,844 - INFO -    📊 momentum_standard: DOWN (confidence: 7.49%)
2025-09-01 20:10:09,844 - INFO - 📄 PAPER TRADE OPENED: momentum_standard DOWN @ 1.1697 (size: 0.001)
2025-09-01 20:13:11,828 - INFO - ⚡ Hybrid System Decisions: 1 new signals
2025-09-01 20:13:11,829 - INFO -    📊 momentum_standard: DOWN (confidence: 7.49%)
2025-09-01 20:13:11,829 - INFO - 📄 PAPER TRADE OPENED: momentum_standard DOWN @ 1.1697 (size: 0.001)
2025-09-01 20:15:12,842 - ERROR - Traditional decision error: 'int' object has no attribute 'tz'
2025-09-01 20:20:15,665 - ERROR - Traditional decision error: 'int' object has no attribute 'tz'
2025-09-01 20:25:17,930 - ERROR - Traditional decision error: 'int' object has no attribute 'tz'
2025-09-01 20:28:19,301 - INFO - 📄 PAPER TRADE CLOSED: momentum_standard (time_exit) PnL: $+0.00 (+1.0 pips)
2025-09-01 20:30:20,151 - ERROR - Traditional decision error: 'int' object has no attribute 'tz'
2025-09-01 20:35:22,383 - ERROR - Traditional decision error: 'int' object has no attribute 'tz'
2025-09-01 20:40:24,841 - ERROR - Traditional decision error: 'int' object has no attribute 'tz'
2025-09-01 20:45:27,071 - ERROR - Traditional decision error: 'int' object has no attribute 'tz'
2025-09-01 20:50:29,512 - ERROR - Traditional decision error: 'int' object has no attribute 'tz'
2025-09-01 20:55:31,813 - INFO - 📄 PAPER TRADE CLOSED: momentum_standard (time_exit) PnL: $+0.00 (+1.9 pips)
2025-09-01 20:55:31,815 - ERROR - Traditional decision error: 'int' object has no attribute 'tz'
2025-09-01 20:58:33,361 - INFO - 📄 PAPER TRADE CLOSED: momentum_standard (time_exit) PnL: $+0.00 (+1.9 pips)
2025-09-01 21:00:34,203 - ERROR - Traditional decision error: 'int' object has no attribute 'tz'
2025-09-01 21:05:36,487 - ERROR - Traditional decision error: 'int' object has no attribute 'tz'
2025-09-01 21:10:38,763 - ERROR - Traditional decision error: 'int' object has no attribute 'tz'
2025-09-01 21:15:41,111 - ERROR - Traditional decision error: 'int' object has no attribute 'tz'
2025-09-01 21:20:43,879 - ERROR - Traditional decision error: 'int' object has no attribute 'tz'
2025-09-01 21:25:46,209 - ERROR - Traditional decision error: 'int' object has no attribute 'tz'
2025-09-01 21:30:48,383 - ERROR - Traditional decision error: 'int' object has no attribute 'tz'
2025-09-01 21:35:50,596 - ERROR - Traditional decision error: 'int' object has no attribute 'tz'
2025-09-01 21:41:53,047 - INFO - 🚀 Starting HYBRID trading session: 120 minutes
2025-09-01 21:46:25,255 - ERROR - Traditional decision error: 'int' object has no attribute 'tz'
2025-09-01 21:51:27,461 - ERROR - Traditional decision error: 'int' object has no attribute 'tz'
2025-09-01 21:56:29,649 - ERROR - Traditional decision error: 'int' object has no attribute 'tz'
2025-09-01 22:01:32,260 - ERROR - Traditional decision error: 'int' object has no attribute 'tz'
2025-09-01 22:06:34,546 - ERROR - Traditional decision error: 'int' object has no attribute 'tz'
2025-09-01 22:11:36,817 - ERROR - Traditional decision error: 'int' object has no attribute 'tz'
2025-09-01 22:16:39,599 - ERROR - Traditional decision error: 'int' object has no attribute 'tz'
2025-09-01 22:21:41,993 - ERROR - Traditional decision error: 'int' object has no attribute 'tz'
2025-09-01 22:26:44,435 - ERROR - Traditional decision error: 'int' object has no attribute 'tz'
2025-09-01 22:26:44,436 - INFO - ⚡ Hybrid System Decisions: 1 new signals
2025-09-01 22:26:44,437 - INFO -    📊 momentum_micro: DOWN (confidence: 13.74%)
2025-09-01 22:26:44,437 - INFO - 📄 PAPER TRADE OPENED: momentum_micro DOWN @ 1.1689 (size: 0.001)
2025-09-01 22:29:45,891 - INFO - ⚡ Hybrid System Decisions: 1 new signals
2025-09-01 22:29:45,891 - INFO -    📊 momentum_micro: DOWN (confidence: 13.74%)
2025-09-01 22:29:45,892 - INFO - 📄 PAPER TRADE OPENED: momentum_micro DOWN @ 1.1689 (size: 0.001)
2025-09-01 22:31:46,728 - ERROR - Traditional decision error: 'int' object has no attribute 'tz'
2025-09-01 22:32:47,215 - INFO - ⚡ Hybrid System Decisions: 1 new signals
2025-09-01 22:32:47,216 - INFO -    📊 momentum_micro: DOWN (confidence: 13.74%)
2025-09-01 22:32:47,216 - INFO - 📄 PAPER TRADE OPENED: momentum_micro DOWN @ 1.1687 (size: 0.001)
2025-09-01 22:35:48,501 - INFO - ⚡ Hybrid System Decisions: 1 new signals
2025-09-01 22:35:48,502 - INFO -    📊 momentum_micro: UP (confidence: 11.43%)
2025-09-01 22:35:48,502 - INFO - 📄 PAPER TRADE OPENED: momentum_micro UP @ 1.1693 (size: 0.001)
2025-09-01 22:36:48,879 - ERROR - Traditional decision error: 'int' object has no attribute 'tz'
2025-09-01 22:38:49,742 - INFO - ⚡ Hybrid System Decisions: 1 new signals
2025-09-01 22:38:49,742 - INFO -    📊 momentum_micro: UP (confidence: 11.43%)
2025-09-01 22:38:49,742 - INFO - 📄 PAPER TRADE OPENED: momentum_micro UP @ 1.1693 (size: 0.001)
2025-09-01 22:41:50,952 - INFO - 📄 PAPER TRADE CLOSED: momentum_micro (time_exit) PnL: $-0.01 (-5.6 pips)
2025-09-01 22:41:50,953 - ERROR - Traditional decision error: 'int' object has no attribute 'tz'
2025-09-01 22:41:50,954 - INFO - ⚡ Hybrid System Decisions: 1 new signals
2025-09-01 22:41:50,955 - INFO -    📊 momentum_micro: UP (confidence: 14.69%)
2025-09-01 22:41:50,955 - INFO - 📄 PAPER TRADE OPENED: momentum_micro UP @ 1.1694 (size: 0.001)
2025-09-01 22:44:52,776 - INFO - 📄 PAPER TRADE CLOSED: momentum_micro (time_exit) PnL: $-0.01 (-5.6 pips)
2025-09-01 22:44:52,777 - INFO - ⚡ Hybrid System Decisions: 1 new signals
2025-09-01 22:44:52,777 - INFO -    📊 momentum_micro: UP (confidence: 14.69%)
2025-09-01 22:44:52,777 - INFO - 📄 PAPER TRADE OPENED: momentum_micro UP @ 1.1694 (size: 0.001)
2025-09-01 22:46:53,672 - ERROR - Traditional decision error: 'int' object has no attribute 'tz'
2025-09-01 22:47:54,090 - INFO - 📄 PAPER TRADE CLOSED: momentum_micro (time_exit) PnL: $-0.01 (-6.5 pips)
2025-09-01 22:50:55,443 - INFO - 📄 PAPER TRADE CLOSED: momentum_micro (time_exit) PnL: $+0.00 (+0.8 pips)
2025-09-01 22:51:55,887 - ERROR - Traditional decision error: 'int' object has no attribute 'tz'
2025-09-01 22:53:56,860 - INFO - 📄 PAPER TRADE CLOSED: momentum_micro (time_exit) PnL: $+0.00 (+0.8 pips)
2025-09-01 22:56:58,118 - INFO - 📄 PAPER TRADE CLOSED: momentum_micro (time_exit) PnL: $-0.00 (-0.6 pips)
2025-09-01 22:56:58,120 - ERROR - Traditional decision error: 'int' object has no attribute 'tz'
2025-09-01 22:59:59,525 - INFO - 📄 PAPER TRADE CLOSED: momentum_micro (time_exit) PnL: $-0.00 (-0.6 pips)
2025-09-01 23:02:00,451 - ERROR - Traditional decision error: 'int' object has no attribute 'tz'
2025-09-01 23:07:02,653 - ERROR - Traditional decision error: 'int' object has no attribute 'tz'
2025-09-01 23:12:05,110 - ERROR - Traditional decision error: 'int' object has no attribute 'tz'
2025-09-01 23:17:07,275 - ERROR - Traditional decision error: 'int' object has no attribute 'tz'
2025-09-01 23:22:09,846 - ERROR - Traditional decision error: 'int' object has no attribute 'tz'
2025-09-01 23:27:12,160 - ERROR - Traditional decision error: 'int' object has no attribute 'tz'
2025-09-01 23:32:14,650 - ERROR - Traditional decision error: 'int' object has no attribute 'tz'
2025-09-01 23:37:17,006 - ERROR - Traditional decision error: 'int' object has no attribute 'tz'
2025-09-01 23:43:19,098 - INFO - 🚀 Starting HYBRID trading session: 120 minutes
2025-09-01 23:47:51,263 - ERROR - Traditional decision error: 'int' object has no attribute 'tz'
2025-09-01 23:52:53,397 - ERROR - Traditional decision error: 'int' object has no attribute 'tz'
2025-09-01 23:57:55,378 - ERROR - Traditional decision error: 'int' object has no attribute 'tz'
2025-09-02 00:02:57,508 - ERROR - Traditional decision error: 'int' object has no attribute 'tz'
2025-09-02 00:07:59,679 - ERROR - Traditional decision error: 'int' object has no attribute 'tz'
2025-09-02 00:13:01,882 - ERROR - Traditional decision error: 'int' object has no attribute 'tz'
2025-09-02 00:18:04,018 - ERROR - Traditional decision error: 'int' object has no attribute 'tz'
2025-09-02 00:23:06,889 - ERROR - Traditional decision error: 'int' object has no attribute 'tz'
2025-09-02 00:28:09,993 - ERROR - Traditional decision error: 'int' object has no attribute 'tz'
2025-09-02 00:33:12,118 - ERROR - Traditional decision error: 'int' object has no attribute 'tz'
2025-09-02 00:38:14,832 - ERROR - Traditional decision error: 'int' object has no attribute 'tz'
2025-09-02 00:43:16,827 - ERROR - Traditional decision error: 'int' object has no attribute 'tz'
2025-09-02 00:48:19,360 - ERROR - Traditional decision error: 'int' object has no attribute 'tz'
2025-09-02 00:53:21,458 - ERROR - Traditional decision error: 'int' object has no attribute 'tz'
2025-09-02 00:58:24,698 - ERROR - Traditional decision error: 'int' object has no attribute 'tz'
2025-09-02 01:03:27,213 - ERROR - Traditional decision error: 'int' object has no attribute 'tz'
2025-09-02 01:08:29,683 - ERROR - Traditional decision error: 'int' object has no attribute 'tz'
2025-09-02 01:13:32,002 - ERROR - Traditional decision error: 'int' object has no attribute 'tz'
2025-09-02 01:18:34,568 - ERROR - Traditional decision error: 'int' object has no attribute 'tz'
2025-09-02 01:23:37,919 - ERROR - Traditional decision error: 'int' object has no attribute 'tz'
2025-09-02 01:28:40,147 - ERROR - Traditional decision error: 'int' object has no attribute 'tz'
2025-09-02 01:33:42,714 - ERROR - Traditional decision error: 'int' object has no attribute 'tz'
2025-09-02 01:38:45,434 - ERROR - Traditional decision error: 'int' object has no attribute 'tz'
2025-09-02 01:44:47,664 - INFO - 🚀 Starting HYBRID trading session: 120 minutes
2025-09-02 01:49:20,387 - ERROR - Traditional decision error: 'int' object has no attribute 'tz'
2025-09-02 01:54:22,975 - ERROR - Traditional decision error: 'int' object has no attribute 'tz'
2025-09-02 01:59:25,381 - ERROR - Traditional decision error: 'int' object has no attribute 'tz'
2025-09-02 02:04:27,872 - ERROR - Traditional decision error: 'int' object has no attribute 'tz'
2025-09-02 02:09:29,931 - ERROR - Traditional decision error: 'int' object has no attribute 'tz'
2025-09-02 02:14:32,106 - ERROR - Traditional decision error: 'int' object has no attribute 'tz'
2025-09-02 02:19:34,749 - ERROR - Traditional decision error: 'int' object has no attribute 'tz'
2025-09-02 02:24:37,079 - ERROR - Traditional decision error: 'int' object has no attribute 'tz'
2025-09-02 02:29:39,374 - ERROR - Traditional decision error: 'int' object has no attribute 'tz'
2025-09-02 02:34:41,492 - ERROR - Traditional decision error: 'int' object has no attribute 'tz'
2025-09-02 02:39:44,264 - ERROR - Traditional decision error: 'int' object has no attribute 'tz'
2025-09-02 02:44:46,602 - ERROR - Traditional decision error: 'int' object has no attribute 'tz'
2025-09-02 02:49:48,904 - ERROR - Traditional decision error: 'int' object has no attribute 'tz'
2025-09-02 02:54:51,051 - ERROR - Traditional decision error: 'int' object has no attribute 'tz'
2025-09-02 02:59:53,210 - ERROR - Traditional decision error: 'int' object has no attribute 'tz'
2025-09-02 03:04:55,336 - ERROR - Traditional decision error: 'int' object has no attribute 'tz'
2025-09-02 03:09:57,536 - ERROR - Traditional decision error: 'int' object has no attribute 'tz'
2025-09-02 03:14:59,788 - ERROR - Traditional decision error: 'int' object has no attribute 'tz'
2025-09-02 03:20:02,775 - ERROR - Traditional decision error: 'int' object has no attribute 'tz'
2025-09-02 03:25:05,185 - ERROR - Traditional decision error: 'int' object has no attribute 'tz'
2025-09-02 03:30:07,650 - ERROR - Traditional decision error: 'int' object has no attribute 'tz'
2025-09-02 03:35:09,985 - ERROR - Traditional decision error: 'int' object has no attribute 'tz'
2025-09-02 03:40:12,377 - ERROR - Traditional decision error: 'int' object has no attribute 'tz'
2025-09-02 03:46:14,889 - INFO - 🚀 Starting HYBRID trading session: 120 minutes
2025-09-02 03:50:47,209 - ERROR - Traditional decision error: 'int' object has no attribute 'tz'
2025-09-02 03:55:49,467 - ERROR - Traditional decision error: 'int' object has no attribute 'tz'
2025-09-02 04:00:52,136 - ERROR - Traditional decision error: 'int' object has no attribute 'tz'
2025-09-02 04:05:54,501 - ERROR - Traditional decision error: 'int' object has no attribute 'tz'
2025-09-02 04:10:57,430 - ERROR - Traditional decision error: 'int' object has no attribute 'tz'
2025-09-02 04:15:59,762 - ERROR - Traditional decision error: 'int' object has no attribute 'tz'
2025-09-02 04:21:02,319 - ERROR - Traditional decision error: 'int' object has no attribute 'tz'
2025-09-02 04:26:04,952 - ERROR - Traditional decision error: 'int' object has no attribute 'tz'
2025-09-02 04:31:07,090 - ERROR - Traditional decision error: 'int' object has no attribute 'tz'
2025-09-02 04:36:09,292 - ERROR - Traditional decision error: 'int' object has no attribute 'tz'
2025-09-02 04:41:11,453 - ERROR - Traditional decision error: 'int' object has no attribute 'tz'
2025-09-02 04:46:13,537 - ERROR - Traditional decision error: 'int' object has no attribute 'tz'
2025-09-02 04:51:15,651 - ERROR - Traditional decision error: 'int' object has no attribute 'tz'
2025-09-02 04:56:18,233 - ERROR - Traditional decision error: 'int' object has no attribute 'tz'
2025-09-02 05:01:20,895 - ERROR - Traditional decision error: 'int' object has no attribute 'tz'
2025-09-02 05:06:22,925 - ERROR - Traditional decision error: 'int' object has no attribute 'tz'
2025-09-02 05:11:25,089 - ERROR - Traditional decision error: 'int' object has no attribute 'tz'
2025-09-02 05:16:27,875 - ERROR - Traditional decision error: 'int' object has no attribute 'tz'
2025-09-02 05:21:30,037 - ERROR - Traditional decision error: 'int' object has no attribute 'tz'
2025-09-02 05:26:32,782 - ERROR - Traditional decision error: 'int' object has no attribute 'tz'
2025-09-02 05:31:35,587 - ERROR - Traditional decision error: 'int' object has no attribute 'tz'
2025-09-02 05:36:38,354 - ERROR - Traditional decision error: 'int' object has no attribute 'tz'
2025-09-02 05:41:40,527 - ERROR - Traditional decision error: 'int' object has no attribute 'tz'
2025-09-02 05:47:42,859 - INFO - 🚀 Starting HYBRID trading session: 120 minutes
2025-09-02 05:52:15,697 - ERROR - Traditional decision error: 'int' object has no attribute 'tz'
2025-09-02 05:57:17,947 - ERROR - Traditional decision error: 'int' object has no attribute 'tz'
2025-09-02 06:02:20,744 - ERROR - Traditional decision error: 'int' object has no attribute 'tz'
2025-09-02 06:07:23,543 - ERROR - Traditional decision error: 'int' object has no attribute 'tz'
2025-09-02 06:12:25,670 - ERROR - Traditional decision error: 'int' object has no attribute 'tz'
2025-09-02 06:17:28,376 - ERROR - Traditional decision error: 'int' object has no attribute 'tz'
2025-09-02 06:22:31,773 - ERROR - Traditional decision error: 'int' object has no attribute 'tz'
2025-09-02 06:27:34,041 - ERROR - Traditional decision error: 'int' object has no attribute 'tz'
2025-09-02 06:32:36,644 - ERROR - Traditional decision error: 'int' object has no attribute 'tz'
2025-09-02 06:37:39,050 - ERROR - Traditional decision error: 'int' object has no attribute 'tz'
2025-09-02 06:42:41,170 - ERROR - Traditional decision error: 'int' object has no attribute 'tz'
2025-09-02 06:47:43,316 - ERROR - Traditional decision error: 'int' object has no attribute 'tz'
2025-09-02 06:52:46,039 - ERROR - Traditional decision error: 'int' object has no attribute 'tz'
2025-09-02 06:57:48,236 - ERROR - Traditional decision error: 'int' object has no attribute 'tz'
2025-09-02 07:02:50,469 - ERROR - Traditional decision error: 'int' object has no attribute 'tz'
2025-09-02 07:02:50,470 - INFO - ⚡ Hybrid System Decisions: 3 new signals
2025-09-02 07:02:50,471 - INFO -    📊 momentum_micro: UP (confidence: 19.61%)
2025-09-02 07:02:50,471 - INFO -    📊 momentum_standard: UP (confidence: 32.44%)
2025-09-02 07:02:50,471 - INFO -    📊 hybrid_confluence: UP (confidence: 33.83%)
2025-09-02 07:02:50,471 - INFO - 📄 PAPER TRADE OPENED: momentum_micro UP @ 1.1650 (size: 0.001)
2025-09-02 07:02:50,471 - INFO - 📄 PAPER TRADE OPENED: momentum_standard UP @ 1.1650 (size: 0.004)
2025-09-02 07:02:50,471 - INFO - 📄 PAPER TRADE OPENED: hybrid_confluence UP @ 1.1650 (size: 0.008)
2025-09-02 07:05:51,743 - INFO - ⚡ Hybrid System Decisions: 4 new signals
2025-09-02 07:05:51,743 - INFO -    📊 momentum_micro: UP (confidence: 37.82%)
2025-09-02 07:05:51,743 - INFO -    📊 momentum_standard: UP (confidence: 45.78%)
2025-09-02 07:05:51,743 - INFO -    📊 cluster_patterns: UP (confidence: 85.00%)
2025-09-02 07:05:51,743 - INFO -    📊 hybrid_confluence: UP (confidence: 73.06%)
2025-09-02 07:05:51,743 - INFO - 📄 PAPER TRADE OPENED: momentum_micro UP @ 1.1665 (size: 0.002)
2025-09-02 07:05:51,743 - INFO - 📄 PAPER TRADE OPENED: momentum_standard UP @ 1.1665 (size: 0.005)
2025-09-02 07:05:51,743 - INFO - 📄 PAPER TRADE OPENED: cluster_patterns UP @ 1.1665 (size: 0.008)
2025-09-02 07:05:51,743 - INFO - 📄 PAPER TRADE OPENED: hybrid_confluence UP @ 1.1665 (size: 0.016)
2025-09-02 07:07:52,599 - ERROR - Traditional decision error: 'int' object has no attribute 'tz'
2025-09-02 07:08:53,002 - INFO - ⚡ Hybrid System Decisions: 4 new signals
2025-09-02 07:08:53,003 - INFO -    📊 momentum_micro: UP (confidence: 37.82%)
2025-09-02 07:08:53,003 - INFO -    📊 momentum_standard: UP (confidence: 45.78%)
2025-09-02 07:08:53,003 - INFO -    📊 cluster_patterns: UP (confidence: 85.00%)
2025-09-02 07:08:53,003 - INFO -    📊 hybrid_confluence: UP (confidence: 73.06%)
2025-09-02 07:08:53,003 - INFO - 📄 PAPER TRADE OPENED: momentum_micro UP @ 1.1665 (size: 0.002)
2025-09-02 07:08:53,003 - INFO - 📄 PAPER TRADE OPENED: momentum_standard UP @ 1.1665 (size: 0.005)
2025-09-02 07:08:53,003 - INFO - 📄 PAPER TRADE OPENED: cluster_patterns UP @ 1.1665 (size: 0.008)
2025-09-02 07:08:53,003 - INFO - 📄 PAPER TRADE OPENED: hybrid_confluence UP @ 1.1665 (size: 0.016)
2025-09-02 07:11:54,199 - INFO - ⚡ Hybrid System Decisions: 4 new signals
2025-09-02 07:11:54,199 - INFO -    📊 momentum_micro: UP (confidence: 53.17%)
2025-09-02 07:11:54,199 - INFO -    📊 momentum_standard: UP (confidence: 53.29%)
2025-09-02 07:11:54,199 - INFO -    📊 cluster_patterns: UP (confidence: 85.00%)
2025-09-02 07:11:54,199 - INFO -    📊 hybrid_confluence: UP (confidence: 82.96%)
2025-09-02 07:11:54,199 - INFO - 📄 PAPER TRADE OPENED: momentum_micro UP @ 1.1675 (size: 0.002)
2025-09-02 07:11:54,200 - INFO - 📄 PAPER TRADE OPENED: momentum_standard UP @ 1.1675 (size: 0.006)
2025-09-02 07:11:54,200 - INFO - 📄 PAPER TRADE OPENED: cluster_patterns UP @ 1.1675 (size: 0.008)
2025-09-02 07:11:54,200 - INFO - 📄 PAPER TRADE OPENED: hybrid_confluence UP @ 1.1675 (size: 0.019)
2025-09-02 07:12:54,627 - ERROR - Traditional decision error: 'int' object has no attribute 'tz'
2025-09-02 07:14:55,658 - INFO - ⚡ Hybrid System Decisions: 4 new signals
2025-09-02 07:14:55,658 - INFO -    📊 momentum_micro: UP (confidence: 53.17%)
2025-09-02 07:14:55,659 - INFO -    📊 momentum_standard: UP (confidence: 53.29%)
2025-09-02 07:14:55,659 - INFO -    📊 cluster_patterns: UP (confidence: 85.00%)
2025-09-02 07:14:55,659 - INFO -    📊 hybrid_confluence: UP (confidence: 82.96%)
2025-09-02 07:14:55,659 - INFO - 📄 PAPER TRADE OPENED: momentum_micro UP @ 1.1675 (size: 0.002)
2025-09-02 07:14:55,659 - INFO - 📄 PAPER TRADE OPENED: momentum_standard UP @ 1.1675 (size: 0.006)
2025-09-02 07:14:55,659 - INFO - 📄 PAPER TRADE OPENED: cluster_patterns UP @ 1.1675 (size: 0.008)
2025-09-02 07:14:55,660 - INFO - 📄 PAPER TRADE OPENED: hybrid_confluence UP @ 1.1675 (size: 0.019)
2025-09-02 07:17:56,969 - INFO - 📄 PAPER TRADE CLOSED: momentum_micro (time_exit) PnL: $+0.05 (+28.2 pips)
2025-09-02 07:17:56,971 - ERROR - Traditional decision error: 'int' object has no attribute 'tz'
2025-09-02 07:17:56,973 - INFO - ⚡ Hybrid System Decisions: 4 new signals
2025-09-02 07:17:56,973 - INFO -    📊 momentum_micro: UP (confidence: 33.11%)
2025-09-02 07:17:56,973 - INFO -    📊 momentum_standard: UP (confidence: 46.90%)
2025-09-02 07:17:56,973 - INFO -    📊 cluster_patterns: UP (confidence: 85.00%)
2025-09-02 07:17:56,973 - INFO -    📊 hybrid_confluence: UP (confidence: 71.50%)
2025-09-02 07:17:56,973 - INFO - 📄 PAPER TRADE OPENED: momentum_micro UP @ 1.1678 (size: 0.001)
2025-09-02 07:17:56,974 - INFO - 📄 PAPER TRADE OPENED: momentum_standard UP @ 1.1678 (size: 0.006)
2025-09-02 07:17:56,974 - INFO - 📄 PAPER TRADE OPENED: cluster_patterns UP @ 1.1678 (size: 0.008)
2025-09-02 07:17:56,974 - INFO - 📄 PAPER TRADE OPENED: hybrid_confluence UP @ 1.1678 (size: 0.016)
2025-09-02 07:20:58,372 - INFO - 📄 PAPER TRADE CLOSED: momentum_micro (time_exit) PnL: $+0.04 (+10.1 pips)
2025-09-02 07:20:58,373 - INFO - ⚡ Hybrid System Decisions: 3 new signals
2025-09-02 07:20:58,373 - INFO -    📊 momentum_standard: UP (confidence: 37.62%)
2025-09-02 07:20:58,374 - INFO -    📊 cluster_patterns: UP (confidence: 85.00%)
2025-09-02 07:20:58,374 - INFO -    📊 hybrid_confluence: UP (confidence: 79.70%)
2025-09-02 07:20:58,374 - INFO - 📄 PAPER TRADE OPENED: momentum_standard UP @ 1.1675 (size: 0.005)
2025-09-02 07:20:58,374 - INFO - 📄 PAPER TRADE OPENED: cluster_patterns UP @ 1.1675 (size: 0.008)
2025-09-02 07:20:58,374 - INFO - 📄 PAPER TRADE OPENED: hybrid_confluence UP @ 1.1675 (size: 0.018)
2025-09-02 07:22:59,284 - ERROR - Traditional decision error: 'int' object has no attribute 'tz'
2025-09-02 07:23:59,746 - INFO - 📄 PAPER TRADE CLOSED: momentum_micro (time_exit) PnL: $+0.04 (+10.1 pips)
2025-09-02 07:23:59,748 - INFO - ⚡ Hybrid System Decisions: 3 new signals
2025-09-02 07:23:59,748 - INFO -    📊 momentum_standard: UP (confidence: 37.62%)
2025-09-02 07:23:59,748 - INFO -    📊 cluster_patterns: UP (confidence: 85.00%)
2025-09-02 07:23:59,748 - INFO -    📊 hybrid_confluence: UP (confidence: 79.70%)
2025-09-02 07:23:59,748 - INFO - 📄 PAPER TRADE OPENED: momentum_standard UP @ 1.1675 (size: 0.005)
2025-09-02 07:23:59,748 - INFO - 📄 PAPER TRADE OPENED: cluster_patterns UP @ 1.1675 (size: 0.008)
2025-09-02 07:23:59,748 - INFO - 📄 PAPER TRADE OPENED: hybrid_confluence UP @ 1.1675 (size: 0.018)
2025-09-02 07:27:01,060 - INFO - 📄 PAPER TRADE CLOSED: momentum_micro (time_exit) PnL: $+0.02 (+3.6 pips)
2025-09-02 07:27:01,062 - INFO - ⚡ Hybrid System Decisions: 3 new signals
2025-09-02 07:27:01,062 - INFO -    📊 momentum_standard: UP (confidence: 37.54%)
2025-09-02 07:27:01,062 - INFO -    📊 cluster_patterns: UP (confidence: 85.00%)
2025-09-02 07:27:01,062 - INFO -    📊 hybrid_confluence: UP (confidence: 79.65%)
2025-09-02 07:27:01,062 - INFO - 📄 PAPER TRADE OPENED: momentum_standard UP @ 1.1679 (size: 0.005)
2025-09-02 07:27:01,062 - INFO - 📄 PAPER TRADE OPENED: cluster_patterns UP @ 1.1679 (size: 0.008)
2025-09-02 07:27:01,062 - INFO - 📄 PAPER TRADE OPENED: hybrid_confluence UP @ 1.1679 (size: 0.018)
2025-09-02 07:28:01,491 - ERROR - Traditional decision error: 'int' object has no attribute 'tz'
2025-09-02 07:30:02,319 - INFO - 📄 PAPER TRADE CLOSED: momentum_micro (time_exit) PnL: $-0.01 (-2.8 pips)
2025-09-02 07:30:02,320 - INFO - ⚡ Hybrid System Decisions: 3 new signals
2025-09-02 07:30:02,320 - INFO -    📊 momentum_standard: UP (confidence: 32.79%)
2025-09-02 07:30:02,320 - INFO -    📊 cluster_patterns: UP (confidence: 85.00%)
2025-09-02 07:30:02,320 - INFO -    📊 hybrid_confluence: UP (confidence: 76.57%)
2025-09-02 07:30:02,321 - INFO - 📄 PAPER TRADE OPENED: momentum_standard UP @ 1.1673 (size: 0.004)
2025-09-02 07:30:02,321 - INFO - 📄 PAPER TRADE OPENED: cluster_patterns UP @ 1.1673 (size: 0.008)
2025-09-02 07:30:02,321 - INFO - 📄 PAPER TRADE OPENED: hybrid_confluence UP @ 1.1673 (size: 0.017)
2025-09-02 07:33:03,805 - INFO - 📄 PAPER TRADE CLOSED: momentum_micro (time_exit) PnL: $-0.02 (-5.6 pips)
2025-09-02 07:33:03,807 - ERROR - Traditional decision error: 'int' object has no attribute 'tz'
2025-09-02 07:33:03,808 - INFO - ⚡ Hybrid System Decisions: 3 new signals
2025-09-02 07:33:03,808 - INFO -    📊 momentum_standard: UP (confidence: 32.79%)
2025-09-02 07:33:03,809 - INFO -    📊 cluster_patterns: UP (confidence: 85.00%)
2025-09-02 07:33:03,809 - INFO -    📊 hybrid_confluence: UP (confidence: 76.57%)
2025-09-02 07:33:03,809 - INFO - 📄 PAPER TRADE OPENED: momentum_standard UP @ 1.1673 (size: 0.004)
2025-09-02 07:33:03,809 - INFO - 📄 PAPER TRADE OPENED: cluster_patterns UP @ 1.1673 (size: 0.008)
2025-09-02 07:33:03,809 - INFO - 📄 PAPER TRADE OPENED: hybrid_confluence UP @ 1.1673 (size: 0.017)
2025-09-02 07:36:05,410 - INFO - ⚡ Hybrid System Decisions: 3 new signals
2025-09-02 07:36:05,410 - INFO -    📊 momentum_micro: DOWN (confidence: 25.09%)
2025-09-02 07:36:05,410 - INFO -    📊 momentum_standard: UP (confidence: 28.25%)
2025-09-02 07:36:05,410 - INFO -    📊 cluster_patterns: UP (confidence: 85.00%)
2025-09-02 07:36:05,410 - INFO - 📄 PAPER TRADE OPENED: momentum_micro DOWN @ 1.1668 (size: 0.001)
2025-09-02 07:36:05,410 - INFO - 📄 PAPER TRADE OPENED: momentum_standard UP @ 1.1668 (size: 0.003)
2025-09-02 07:36:05,410 - INFO - 📄 PAPER TRADE OPENED: cluster_patterns UP @ 1.1668 (size: 0.008)
2025-09-02 07:38:07,685 - ERROR - Traditional decision error: 'int' object has no attribute 'tz'
2025-09-02 07:39:08,136 - INFO - ⚡ Hybrid System Decisions: 3 new signals
2025-09-02 07:39:08,137 - INFO -    📊 momentum_micro: DOWN (confidence: 25.09%)
2025-09-02 07:39:08,137 - INFO -    📊 momentum_standard: UP (confidence: 28.25%)
2025-09-02 07:39:08,137 - INFO -    📊 cluster_patterns: UP (confidence: 85.00%)
2025-09-02 07:39:08,137 - INFO - 📄 PAPER TRADE OPENED: momentum_micro DOWN @ 1.1668 (size: 0.001)
2025-09-02 07:39:08,137 - INFO - 📄 PAPER TRADE OPENED: momentum_standard UP @ 1.1668 (size: 0.003)
2025-09-02 07:39:08,137 - INFO - 📄 PAPER TRADE OPENED: cluster_patterns UP @ 1.1668 (size: 0.008)
2025-09-02 07:42:09,504 - INFO - ⚡ Hybrid System Decisions: 3 new signals
2025-09-02 07:42:09,504 - INFO -    📊 momentum_micro: DOWN (confidence: 13.68%)
2025-09-02 07:42:09,504 - INFO -    📊 momentum_standard: UP (confidence: 28.89%)
2025-09-02 07:42:09,505 - INFO -    📊 cluster_patterns: UP (confidence: 85.00%)
2025-09-02 07:42:09,505 - INFO - 📄 PAPER TRADE OPENED: momentum_micro DOWN @ 1.1668 (size: 0.001)
2025-09-02 07:42:09,505 - INFO - 📄 PAPER TRADE OPENED: momentum_standard UP @ 1.1668 (size: 0.003)
2025-09-02 07:42:09,505 - INFO - 📄 PAPER TRADE OPENED: cluster_patterns UP @ 1.1668 (size: 0.008)
2025-09-02 07:43:09,920 - ERROR - Traditional decision error: 'int' object has no attribute 'tz'
2025-09-02 07:45:10,724 - INFO - ⚡ Hybrid System Decisions: 3 new signals
2025-09-02 07:45:10,724 - INFO -    📊 momentum_standard: UP (confidence: 26.12%)
2025-09-02 07:45:10,724 - INFO -    📊 cluster_patterns: UP (confidence: 85.00%)
2025-09-02 07:45:10,724 - INFO -    📊 hybrid_confluence: UP (confidence: 72.23%)
2025-09-02 07:45:10,724 - INFO - 📄 PAPER TRADE OPENED: momentum_standard UP @ 1.1669 (size: 0.003)
2025-09-02 07:45:10,724 - INFO - 📄 PAPER TRADE OPENED: cluster_patterns UP @ 1.1669 (size: 0.008)
2025-09-02 07:45:10,725 - INFO - 📄 PAPER TRADE OPENED: hybrid_confluence UP @ 1.1669 (size: 0.016)
2025-09-02 07:49:12,039 - INFO - 🚀 Starting HYBRID trading session: 120 minutes
2025-09-02 07:51:43,381 - INFO - ⚡ Hybrid System Decisions: 3 new signals
2025-09-02 07:51:43,381 - INFO -    📊 momentum_standard: UP (confidence: 23.66%)
2025-09-02 07:51:43,381 - INFO -    📊 cluster_patterns: UP (confidence: 85.00%)
2025-09-02 07:51:43,381 - INFO -    📊 hybrid_confluence: UP (confidence: 70.63%)
2025-09-02 07:51:43,381 - INFO - 📄 PAPER TRADE OPENED: momentum_standard UP @ 1.1670 (size: 0.003)
2025-09-02 07:51:43,381 - INFO - 📄 PAPER TRADE OPENED: cluster_patterns UP @ 1.1670 (size: 0.008)
2025-09-02 07:51:43,381 - INFO - 📄 PAPER TRADE OPENED: hybrid_confluence UP @ 1.1670 (size: 0.016)
2025-09-02 07:53:44,259 - ERROR - Traditional decision error: 'int' object has no attribute 'tz'
2025-09-02 07:54:44,660 - INFO - ⚡ Hybrid System Decisions: 3 new signals
2025-09-02 07:54:44,660 - INFO -    📊 momentum_standard: UP (confidence: 23.66%)
2025-09-02 07:54:44,660 - INFO -    📊 cluster_patterns: UP (confidence: 85.00%)
2025-09-02 07:54:44,660 - INFO -    📊 hybrid_confluence: UP (confidence: 70.63%)
2025-09-02 07:54:44,660 - INFO - 📄 PAPER TRADE OPENED: momentum_standard UP @ 1.1670 (size: 0.003)
2025-09-02 07:54:44,660 - INFO - 📄 PAPER TRADE OPENED: cluster_patterns UP @ 1.1670 (size: 0.008)
2025-09-02 07:54:44,660 - INFO - 📄 PAPER TRADE OPENED: hybrid_confluence UP @ 1.1670 (size: 0.016)
2025-09-02 07:57:45,932 - INFO - ⚡ Hybrid System Decisions: 3 new signals
2025-09-02 07:57:45,932 - INFO -    📊 momentum_standard: UP (confidence: 21.82%)
2025-09-02 07:57:45,933 - INFO -    📊 cluster_patterns: UP (confidence: 85.00%)
2025-09-02 07:57:45,933 - INFO -    📊 hybrid_confluence: UP (confidence: 69.44%)
2025-09-02 07:57:45,933 - INFO - 📄 PAPER TRADE OPENED: momentum_standard UP @ 1.1667 (size: 0.003)
2025-09-02 07:57:45,933 - INFO - 📄 PAPER TRADE OPENED: cluster_patterns UP @ 1.1667 (size: 0.008)
2025-09-02 07:57:45,933 - INFO - 📄 PAPER TRADE OPENED: hybrid_confluence UP @ 1.1667 (size: 0.016)
2025-09-02 07:58:46,357 - ERROR - Traditional decision error: 'int' object has no attribute 'tz'
2025-09-02 08:00:47,423 - INFO - ⚡ Hybrid System Decisions: 3 new signals
2025-09-02 08:00:47,423 - INFO -    📊 momentum_micro: DOWN (confidence: 18.97%)
2025-09-02 08:00:47,423 - INFO -    📊 momentum_standard: UP (confidence: 21.23%)
2025-09-02 08:00:47,423 - INFO -    📊 cluster_patterns: UP (confidence: 85.00%)
2025-09-02 08:00:47,423 - INFO - 📄 PAPER TRADE OPENED: momentum_micro DOWN @ 1.1662 (size: 0.001)
2025-09-02 08:00:47,423 - INFO - 📄 PAPER TRADE OPENED: momentum_standard UP @ 1.1662 (size: 0.003)
2025-09-02 08:00:47,424 - INFO - 📄 PAPER TRADE OPENED: cluster_patterns UP @ 1.1662 (size: 0.008)
2025-09-02 08:03:48,883 - ERROR - Traditional decision error: 'int' object has no attribute 'tz'
2025-09-02 08:03:48,884 - INFO - ⚡ Hybrid System Decisions: 3 new signals
2025-09-02 08:03:48,884 - INFO -    📊 momentum_micro: DOWN (confidence: 18.97%)
2025-09-02 08:03:48,884 - INFO -    📊 momentum_standard: UP (confidence: 21.23%)
2025-09-02 08:03:48,884 - INFO -    📊 cluster_patterns: UP (confidence: 85.00%)
2025-09-02 08:03:48,885 - INFO - 📄 PAPER TRADE OPENED: momentum_micro DOWN @ 1.1662 (size: 0.001)
2025-09-02 08:03:48,885 - INFO - 📄 PAPER TRADE OPENED: momentum_standard UP @ 1.1662 (size: 0.003)
2025-09-02 08:03:48,885 - INFO - 📄 PAPER TRADE OPENED: cluster_patterns UP @ 1.1662 (size: 0.008)
2025-09-02 08:06:50,139 - INFO - ⚡ Hybrid System Decisions: 3 new signals
2025-09-02 08:06:50,139 - INFO -    📊 momentum_standard: UP (confidence: 17.41%)
2025-09-02 08:06:50,140 - INFO -    📊 cluster_patterns: UP (confidence: 85.00%)
2025-09-02 08:06:50,140 - INFO -    📊 hybrid_confluence: UP (confidence: 66.57%)
2025-09-02 08:06:50,140 - INFO - 📄 PAPER TRADE OPENED: momentum_standard UP @ 1.1664 (size: 0.002)
2025-09-02 08:06:50,140 - INFO - 📄 PAPER TRADE OPENED: cluster_patterns UP @ 1.1664 (size: 0.008)
2025-09-02 08:06:50,140 - INFO - 📄 PAPER TRADE OPENED: hybrid_confluence UP @ 1.1664 (size: 0.015)
2025-09-02 08:08:50,956 - ERROR - Traditional decision error: 'int' object has no attribute 'tz'
2025-09-02 08:09:51,412 - INFO - ⚡ Hybrid System Decisions: 3 new signals
2025-09-02 08:09:51,413 - INFO -    📊 momentum_standard: UP (confidence: 17.41%)
2025-09-02 08:09:51,413 - INFO -    📊 cluster_patterns: UP (confidence: 85.00%)
2025-09-02 08:09:51,413 - INFO -    📊 hybrid_confluence: UP (confidence: 66.57%)
2025-09-02 08:09:51,413 - INFO - 📄 PAPER TRADE OPENED: momentum_standard UP @ 1.1664 (size: 0.002)
2025-09-02 08:09:51,413 - INFO - 📄 PAPER TRADE OPENED: cluster_patterns UP @ 1.1664 (size: 0.008)
2025-09-02 08:09:51,413 - INFO - 📄 PAPER TRADE OPENED: hybrid_confluence UP @ 1.1664 (size: 0.015)
2025-09-02 08:12:52,898 - INFO - ⚡ Hybrid System Decisions: 3 new signals
2025-09-02 08:12:52,898 - INFO -    📊 momentum_standard: UP (confidence: 15.91%)
2025-09-02 08:12:52,898 - INFO -    📊 cluster_patterns: UP (confidence: 85.00%)
2025-09-02 08:12:52,898 - INFO -    📊 hybrid_confluence: UP (confidence: 65.59%)
2025-09-02 08:12:52,898 - INFO - 📄 PAPER TRADE OPENED: momentum_standard UP @ 1.1665 (size: 0.002)
2025-09-02 08:12:52,898 - INFO - 📄 PAPER TRADE OPENED: cluster_patterns UP @ 1.1665 (size: 0.008)
2025-09-02 08:12:52,898 - INFO - 📄 PAPER TRADE OPENED: hybrid_confluence UP @ 1.1665 (size: 0.015)
2025-09-02 08:13:53,324 - ERROR - Traditional decision error: 'int' object has no attribute 'tz'
2025-09-02 08:15:54,167 - INFO - 📄 PAPER TRADE CLOSED: momentum_micro (time_exit) PnL: $+0.01 (+4.8 pips)
2025-09-02 08:15:54,169 - INFO - ⚡ Hybrid System Decisions: 3 new signals
2025-09-02 08:15:54,169 - INFO -    📊 momentum_micro: DOWN (confidence: 16.55%)
2025-09-02 08:15:54,169 - INFO -    📊 momentum_standard: DOWN (confidence: 9.83%)
2025-09-02 08:15:54,169 - INFO -    📊 cluster_patterns: UP (confidence: 85.00%)
2025-09-02 08:15:54,169 - INFO - 📄 PAPER TRADE OPENED: momentum_micro DOWN @ 1.1658 (size: 0.001)
2025-09-02 08:15:54,169 - INFO - 📄 PAPER TRADE OPENED: momentum_standard DOWN @ 1.1658 (size: 0.001)
2025-09-02 08:15:54,169 - INFO - 📄 PAPER TRADE OPENED: cluster_patterns UP @ 1.1658 (size: 0.008)
2025-09-02 08:18:55,589 - INFO - 📄 PAPER TRADE CLOSED: momentum_micro (time_exit) PnL: $+0.01 (+4.8 pips)
2025-09-02 08:18:55,591 - ERROR - Traditional decision error: 'int' object has no attribute 'tz'
2025-09-02 08:18:55,592 - INFO - ⚡ Hybrid System Decisions: 3 new signals
2025-09-02 08:18:55,593 - INFO -    📊 momentum_micro: DOWN (confidence: 16.55%)
2025-09-02 08:18:55,593 - INFO -    📊 momentum_standard: DOWN (confidence: 9.83%)
2025-09-02 08:18:55,593 - INFO -    📊 cluster_patterns: UP (confidence: 85.00%)
2025-09-02 08:18:55,593 - INFO - 📄 PAPER TRADE OPENED: momentum_micro DOWN @ 1.1658 (size: 0.001)
2025-09-02 08:18:55,593 - INFO - 📄 PAPER TRADE OPENED: momentum_standard DOWN @ 1.1658 (size: 0.001)
2025-09-02 08:18:55,593 - INFO - 📄 PAPER TRADE OPENED: cluster_patterns UP @ 1.1658 (size: 0.008)
2025-09-02 08:21:56,858 - INFO - ⚡ Hybrid System Decisions: 2 new signals
2025-09-02 08:21:56,858 - INFO -    📊 momentum_standard: DOWN (confidence: 14.10%)
2025-09-02 08:21:56,858 - INFO -    📊 cluster_patterns: UP (confidence: 85.00%)
2025-09-02 08:21:56,858 - INFO - 📄 PAPER TRADE OPENED: momentum_standard DOWN @ 1.1663 (size: 0.002)
2025-09-02 08:21:56,858 - INFO - 📄 PAPER TRADE OPENED: cluster_patterns UP @ 1.1663 (size: 0.008)
2025-09-02 08:24:03,554 - ERROR - Traditional decision error: 'int' object has no attribute 'tz'
2025-09-02 08:25:03,965 - INFO - ⚡ Hybrid System Decisions: 2 new signals
2025-09-02 08:25:03,965 - INFO -    📊 momentum_standard: DOWN (confidence: 18.56%)
2025-09-02 08:25:03,965 - INFO -    📊 cluster_patterns: UP (confidence: 85.00%)
2025-09-02 08:25:03,965 - INFO - 📄 PAPER TRADE OPENED: momentum_standard DOWN @ 1.1660 (size: 0.002)
2025-09-02 08:25:03,966 - INFO - 📄 PAPER TRADE OPENED: cluster_patterns UP @ 1.1660 (size: 0.008)
2025-09-02 08:28:05,359 - INFO - ⚡ Hybrid System Decisions: 2 new signals
2025-09-02 08:28:05,359 - INFO -    📊 momentum_standard: DOWN (confidence: 18.56%)
2025-09-02 08:28:05,359 - INFO -    📊 cluster_patterns: UP (confidence: 85.00%)
2025-09-02 08:28:05,359 - INFO - 📄 PAPER TRADE OPENED: momentum_standard DOWN @ 1.1660 (size: 0.002)
2025-09-02 08:28:05,359 - INFO - 📄 PAPER TRADE OPENED: cluster_patterns UP @ 1.1660 (size: 0.008)
2025-09-02 08:29:05,844 - ERROR - Traditional decision error: 'int' object has no attribute 'tz'
2025-09-02 08:31:06,884 - INFO - 📄 PAPER TRADE CLOSED: momentum_micro (time_exit) PnL: $-0.00 (-2.8 pips)
2025-09-02 08:31:06,886 - INFO - ⚡ Hybrid System Decisions: 2 new signals
2025-09-02 08:31:06,886 - INFO -    📊 momentum_standard: DOWN (confidence: 15.58%)
2025-09-02 08:31:06,886 - INFO -    📊 cluster_patterns: UP (confidence: 76.24%)
2025-09-02 08:31:06,886 - INFO - 📄 PAPER TRADE OPENED: momentum_standard DOWN @ 1.1660 (size: 0.002)
2025-09-02 08:31:06,886 - INFO - 📄 PAPER TRADE OPENED: cluster_patterns UP @ 1.1660 (size: 0.007)
2025-09-02 08:34:08,674 - INFO - 📄 PAPER TRADE CLOSED: momentum_micro (time_exit) PnL: $-0.00 (-2.8 pips)
2025-09-02 08:34:08,675 - ERROR - Traditional decision error: 'int' object has no attribute 'tz'
2025-09-02 08:34:08,677 - INFO - ⚡ Hybrid System Decisions: 2 new signals
2025-09-02 08:34:08,677 - INFO -    📊 momentum_standard: DOWN (confidence: 15.58%)
2025-09-02 08:34:08,677 - INFO -    📊 cluster_patterns: UP (confidence: 76.24%)
2025-09-02 08:34:08,677 - INFO - 📄 PAPER TRADE OPENED: momentum_standard DOWN @ 1.1660 (size: 0.002)
2025-09-02 08:34:08,677 - INFO - 📄 PAPER TRADE OPENED: cluster_patterns UP @ 1.1660 (size: 0.007)
2025-09-02 08:37:09,887 - INFO - 📄 PAPER TRADE CLOSED: momentum_standard (time_exit) PnL: $-0.09 (-14.2 pips)
2025-09-02 08:37:09,889 - INFO - ⚡ Hybrid System Decisions: 3 new signals
2025-09-02 08:37:09,889 - INFO -    📊 momentum_micro: DOWN (confidence: 13.30%)
2025-09-02 08:37:09,889 - INFO -    📊 momentum_standard: DOWN (confidence: 22.65%)
2025-09-02 08:37:09,889 - INFO -    📊 cluster_patterns: UP (confidence: 60.43%)
2025-09-02 08:37:09,889 - INFO - 📄 PAPER TRADE OPENED: momentum_micro DOWN @ 1.1656 (size: 0.001)
2025-09-02 08:37:09,889 - INFO - 📄 PAPER TRADE OPENED: momentum_standard DOWN @ 1.1656 (size: 0.003)
2025-09-02 08:37:09,889 - INFO - 📄 PAPER TRADE OPENED: cluster_patterns UP @ 1.1656 (size: 0.005)
2025-09-02 08:39:10,882 - ERROR - Traditional decision error: 'int' object has no attribute 'tz'
2025-09-02 08:40:11,322 - INFO - 📄 PAPER TRADE CLOSED: momentum_standard (time_exit) PnL: $-0.12 (-19.7 pips)
2025-09-02 08:40:11,323 - INFO - ⚡ Hybrid System Decisions: 3 new signals
2025-09-02 08:40:11,323 - INFO -    📊 momentum_micro: DOWN (confidence: 22.90%)
2025-09-02 08:40:11,323 - INFO -    📊 momentum_standard: DOWN (confidence: 21.87%)
2025-09-02 08:40:11,323 - INFO -    📊 hybrid_confluence: DOWN (confidence: 29.10%)
2025-09-02 08:40:11,324 - INFO - 📄 PAPER TRADE OPENED: momentum_micro DOWN @ 1.1650 (size: 0.001)
2025-09-02 08:40:11,324 - INFO - 📄 PAPER TRADE OPENED: momentum_standard DOWN @ 1.1650 (size: 0.003)
2025-09-02 08:40:11,324 - INFO - 📄 PAPER TRADE OPENED: hybrid_confluence DOWN @ 1.1650 (size: 0.007)
2025-09-02 08:43:12,666 - INFO - 📄 PAPER TRADE CLOSED: momentum_standard (time_exit) PnL: $-0.10 (-17.0 pips)
2025-09-02 08:43:12,668 - INFO - ⚡ Hybrid System Decisions: 3 new signals
2025-09-02 08:43:12,668 - INFO -    📊 momentum_micro: DOWN (confidence: 22.90%)
2025-09-02 08:43:12,668 - INFO -    📊 momentum_standard: DOWN (confidence: 21.87%)
2025-09-02 08:43:12,668 - INFO -    📊 hybrid_confluence: DOWN (confidence: 29.10%)
2025-09-02 08:43:12,668 - INFO - 📄 PAPER TRADE OPENED: momentum_micro DOWN @ 1.1650 (size: 0.001)
2025-09-02 08:43:12,668 - INFO - 📄 PAPER TRADE OPENED: momentum_standard DOWN @ 1.1650 (size: 0.003)
2025-09-02 08:43:12,668 - INFO - 📄 PAPER TRADE OPENED: hybrid_confluence DOWN @ 1.1650 (size: 0.007)
2025-09-02 08:44:13,081 - ERROR - Traditional decision error: 'int' object has no attribute 'tz'
2025-09-02 08:46:13,971 - INFO - 📄 PAPER TRADE CLOSED: momentum_standard (time_exit) PnL: $-0.04 (-7.8 pips)
2025-09-02 08:46:13,972 - INFO - ⚡ Hybrid System Decisions: 2 new signals
2025-09-02 08:46:13,972 - INFO -    📊 momentum_standard: DOWN (confidence: 14.37%)
2025-09-02 08:46:13,972 - INFO -    📊 cluster_patterns: UP (confidence: 61.36%)
2025-09-02 08:46:13,972 - INFO - 📄 PAPER TRADE OPENED: momentum_standard DOWN @ 1.1655 (size: 0.002)
2025-09-02 08:46:13,973 - INFO - 📄 PAPER TRADE OPENED: cluster_patterns UP @ 1.1655 (size: 0.006)
2025-09-02 08:49:15,322 - INFO - 📄 PAPER TRADE CLOSED: momentum_standard (time_exit) PnL: $-0.04 (-7.8 pips)
2025-09-02 08:49:15,324 - ERROR - Traditional decision error: 'int' object has no attribute 'tz'
2025-09-02 08:49:15,325 - INFO - ⚡ Hybrid System Decisions: 2 new signals
2025-09-02 08:49:15,326 - INFO -    📊 momentum_standard: DOWN (confidence: 14.37%)
2025-09-02 08:49:15,326 - INFO -    📊 cluster_patterns: UP (confidence: 61.36%)
2025-09-02 08:49:15,326 - INFO - 📄 PAPER TRADE OPENED: momentum_standard DOWN @ 1.1655 (size: 0.002)
2025-09-02 08:49:15,326 - INFO - 📄 PAPER TRADE OPENED: cluster_patterns UP @ 1.1655 (size: 0.006)
2025-09-02 08:51:46,517 - INFO - 📄 PAPER TRADE CLOSED: hybrid_confluence (time_exit) PnL: $-0.50 (-14.6 pips)
2025-09-02 08:52:16,696 - INFO - 📄 PAPER TRADE CLOSED: momentum_standard (time_exit) PnL: $-0.04 (-8.4 pips)
2025-09-02 08:52:16,697 - INFO - 📄 PAPER TRADE CLOSED: momentum_micro (time_exit) PnL: $+0.00 (+0.4 pips)
2025-09-02 08:52:16,698 - INFO - ⚡ Hybrid System Decisions: 3 new signals
2025-09-02 08:52:16,698 - INFO -    📊 momentum_micro: UP (confidence: 12.99%)
2025-09-02 08:52:16,698 - INFO -    📊 momentum_standard: DOWN (confidence: 13.38%)
2025-09-02 08:52:16,698 - INFO -    📊 cluster_patterns: UP (confidence: 60.13%)
2025-09-02 08:52:16,698 - INFO - 📄 PAPER TRADE OPENED: momentum_micro UP @ 1.1656 (size: 0.001)
2025-09-02 08:52:16,698 - INFO - 📄 PAPER TRADE OPENED: momentum_standard DOWN @ 1.1656 (size: 0.002)
2025-09-02 08:52:16,699 - INFO - 📄 PAPER TRADE OPENED: cluster_patterns UP @ 1.1656 (size: 0.005)
2025-09-02 08:54:17,646 - ERROR - Traditional decision error: 'int' object has no attribute 'tz'
2025-09-02 08:54:47,842 - INFO - 📄 PAPER TRADE CLOSED: hybrid_confluence (time_exit) PnL: $-0.50 (-14.6 pips)
2025-09-02 08:55:18,222 - INFO - 📄 PAPER TRADE CLOSED: momentum_standard (time_exit) PnL: $-0.05 (-10.4 pips)
2025-09-02 08:55:18,223 - INFO - 📄 PAPER TRADE CLOSED: momentum_micro (time_exit) PnL: $-0.01 (-3.1 pips)
2025-09-02 08:55:18,224 - INFO - ⚡ Hybrid System Decisions: 1 new signals
2025-09-02 08:55:18,224 - INFO -    📊 momentum_standard: DOWN (confidence: 15.61%)
2025-09-02 08:55:18,224 - INFO - 📄 PAPER TRADE OPENED: momentum_standard DOWN @ 1.1654 (size: 0.002)
2025-09-02 08:57:49,285 - INFO - 📄 PAPER TRADE CLOSED: hybrid_confluence (time_exit) PnL: $-0.47 (-13.9 pips)
2025-09-02 08:58:19,510 - INFO - 📄 PAPER TRADE CLOSED: momentum_standard (time_exit) PnL: $-0.05 (-11.2 pips)
2025-09-02 08:58:19,510 - INFO - 📄 PAPER TRADE CLOSED: momentum_micro (time_exit) PnL: $-0.01 (-3.1 pips)
2025-09-02 08:58:19,512 - INFO - ⚡ Hybrid System Decisions: 1 new signals
2025-09-02 08:58:19,512 - INFO -    📊 momentum_standard: DOWN (confidence: 15.61%)
2025-09-02 08:58:19,512 - INFO - 📄 PAPER TRADE OPENED: momentum_standard DOWN @ 1.1654 (size: 0.002)
2025-09-02 08:59:19,971 - ERROR - Traditional decision error: 'int' object has no attribute 'tz'
2025-09-02 09:01:21,104 - INFO - 📄 PAPER TRADE CLOSED: momentum_standard (time_exit) PnL: $+0.01 (+5.0 pips)
2025-09-02 09:01:21,105 - INFO - ⚡ Hybrid System Decisions: 1 new signals
2025-09-02 09:01:21,106 - INFO -    📊 momentum_standard: DOWN (confidence: 17.72%)
2025-09-02 09:01:21,106 - INFO - 📄 PAPER TRADE OPENED: momentum_standard DOWN @ 1.1653 (size: 0.002)
2025-09-02 09:04:23,647 - INFO - 📄 PAPER TRADE CLOSED: momentum_standard (time_exit) PnL: $+0.01 (+5.0 pips)
2025-09-02 09:04:23,649 - ERROR - Traditional decision error: 'int' object has no attribute 'tz'
2025-09-02 09:04:23,650 - INFO - ⚡ Hybrid System Decisions: 1 new signals
2025-09-02 09:04:23,650 - INFO -    📊 momentum_standard: DOWN (confidence: 17.72%)
2025-09-02 09:04:23,651 - INFO - 📄 PAPER TRADE OPENED: momentum_standard DOWN @ 1.1653 (size: 0.002)
2025-09-02 09:06:54,767 - INFO - 📄 PAPER TRADE CLOSED: hybrid_confluence (time_exit) PnL: $-0.48 (-15.0 pips)
2025-09-02 09:07:24,970 - INFO - 📄 PAPER TRADE CLOSED: momentum_standard (time_exit) PnL: $+0.05 (+13.6 pips)
2025-09-02 09:07:24,970 - INFO - 📄 PAPER TRADE CLOSED: momentum_micro (time_exit) PnL: $-0.01 (-6.6 pips)
2025-09-02 09:07:24,971 - INFO - ⚡ Hybrid System Decisions: 3 new signals
2025-09-02 09:07:24,971 - INFO -    📊 momentum_micro: DOWN (confidence: 12.36%)
2025-09-02 09:07:24,971 - INFO -    📊 momentum_standard: DOWN (confidence: 18.48%)
2025-09-02 09:07:24,971 - INFO -    📊 hybrid_confluence: DOWN (confidence: 20.04%)
2025-09-02 09:07:24,972 - INFO - 📄 PAPER TRADE OPENED: momentum_micro DOWN @ 1.1649 (size: 0.001)
2025-09-02 09:07:24,972 - INFO - 📄 PAPER TRADE OPENED: momentum_standard DOWN @ 1.1649 (size: 0.002)
2025-09-02 09:07:24,972 - INFO - 📄 PAPER TRADE OPENED: hybrid_confluence DOWN @ 1.1649 (size: 0.005)
2025-09-02 09:09:25,982 - ERROR - Traditional decision error: 'int' object has no attribute 'tz'
2025-09-02 09:09:56,208 - INFO - 📄 PAPER TRADE CLOSED: hybrid_confluence (time_exit) PnL: $-0.48 (-15.0 pips)
2025-09-02 09:10:26,412 - INFO - 📄 PAPER TRADE CLOSED: momentum_standard (time_exit) PnL: $+0.04 (+9.2 pips)
2025-09-02 09:10:26,413 - INFO - ⚡ Hybrid System Decisions: 1 new signals
2025-09-02 09:10:26,413 - INFO -    📊 momentum_standard: DOWN (confidence: 12.50%)
2025-09-02 09:10:26,414 - INFO - 📄 PAPER TRADE OPENED: momentum_standard DOWN @ 1.1651 (size: 0.001)
2025-09-02 09:12:57,732 - INFO - 📄 PAPER TRADE CLOSED: hybrid_confluence (time_exit) PnL: $-0.44 (-14.0 pips)
2025-09-02 09:13:27,929 - INFO - 📄 PAPER TRADE CLOSED: momentum_standard (time_exit) PnL: $+0.04 (+9.2 pips)
2025-09-02 09:13:27,931 - INFO - ⚡ Hybrid System Decisions: 1 new signals
2025-09-02 09:13:27,931 - INFO -    📊 momentum_standard: DOWN (confidence: 12.50%)
2025-09-02 09:13:27,931 - INFO - 📄 PAPER TRADE OPENED: momentum_standard DOWN @ 1.1651 (size: 0.001)
2025-09-02 09:14:28,328 - ERROR - Traditional decision error: 'int' object has no attribute 'tz'
2025-09-02 09:16:29,182 - INFO - 📄 PAPER TRADE CLOSED: momentum_standard (time_exit) PnL: $+0.03 (+8.5 pips)
2025-09-02 09:16:29,183 - INFO - ⚡ Hybrid System Decisions: 1 new signals
2025-09-02 09:16:29,184 - INFO -    📊 momentum_standard: DOWN (confidence: 12.86%)
2025-09-02 09:16:29,184 - INFO - 📄 PAPER TRADE OPENED: momentum_standard DOWN @ 1.1652 (size: 0.002)
2025-09-02 09:19:30,921 - INFO - 📄 PAPER TRADE CLOSED: momentum_standard (time_exit) PnL: $+0.03 (+8.5 pips)
2025-09-02 09:19:30,923 - ERROR - Traditional decision error: 'int' object has no attribute 'tz'
2025-09-02 09:19:30,924 - INFO - ⚡ Hybrid System Decisions: 1 new signals
2025-09-02 09:19:30,924 - INFO -    📊 momentum_standard: DOWN (confidence: 12.86%)
2025-09-02 09:19:30,924 - INFO - 📄 PAPER TRADE OPENED: momentum_standard DOWN @ 1.1652 (size: 0.002)
2025-09-02 09:22:02,120 - INFO - 📄 PAPER TRADE CLOSED: cluster_patterns (time_exit) PnL: $-0.37 (-22.6 pips)
2025-09-02 09:22:32,481 - INFO - 📄 PAPER TRADE CLOSED: momentum_standard (time_exit) PnL: $+0.05 (+8.4 pips)
2025-09-02 09:22:32,481 - INFO - 📄 PAPER TRADE CLOSED: momentum_micro (time_exit) PnL: $+0.00 (+1.4 pips)
2025-09-02 09:22:32,482 - INFO - ⚡ Hybrid System Decisions: 1 new signals
2025-09-02 09:22:32,483 - INFO -    📊 momentum_standard: DOWN (confidence: 17.25%)
2025-09-02 09:22:32,483 - INFO - 📄 PAPER TRADE OPENED: momentum_standard DOWN @ 1.1648 (size: 0.002)
2025-09-02 09:24:33,383 - ERROR - Traditional decision error: 'int' object has no attribute 'tz'
2025-09-02 09:25:03,611 - INFO - 📄 PAPER TRADE CLOSED: cluster_patterns (time_exit) PnL: $-0.39 (-23.6 pips)
2025-09-02 09:25:33,842 - INFO - 📄 PAPER TRADE CLOSED: momentum_standard (time_exit) PnL: $+0.02 (+3.9 pips)
2025-09-02 09:25:33,843 - INFO - ⚡ Hybrid System Decisions: 3 new signals
2025-09-02 09:25:33,843 - INFO -    📊 momentum_micro: DOWN (confidence: 12.07%)
2025-09-02 09:25:33,844 - INFO -    📊 momentum_standard: DOWN (confidence: 11.87%)
2025-09-02 09:25:33,844 - INFO -    📊 hybrid_confluence: DOWN (confidence: 15.56%)
2025-09-02 09:25:33,844 - INFO - 📄 PAPER TRADE OPENED: momentum_micro DOWN @ 1.1647 (size: 0.001)
2025-09-02 09:25:33,844 - INFO - 📄 PAPER TRADE OPENED: momentum_standard DOWN @ 1.1647 (size: 0.001)
2025-09-02 09:25:33,844 - INFO - 📄 PAPER TRADE OPENED: hybrid_confluence DOWN @ 1.1647 (size: 0.004)
2025-09-02 09:28:04,890 - INFO - 📄 PAPER TRADE CLOSED: cluster_patterns (time_exit) PnL: $-0.34 (-20.9 pips)
2025-09-02 09:28:35,104 - INFO - 📄 PAPER TRADE CLOSED: momentum_standard (time_exit) PnL: $+0.02 (+3.9 pips)
2025-09-02 09:28:35,105 - INFO - ⚡ Hybrid System Decisions: 3 new signals
2025-09-02 09:28:35,105 - INFO -    📊 momentum_micro: DOWN (confidence: 12.07%)
2025-09-02 09:28:35,105 - INFO -    📊 momentum_standard: DOWN (confidence: 11.87%)
2025-09-02 09:28:35,105 - INFO -    📊 hybrid_confluence: DOWN (confidence: 15.56%)
2025-09-02 09:28:35,106 - INFO - 📄 PAPER TRADE OPENED: momentum_micro DOWN @ 1.1647 (size: 0.001)
2025-09-02 09:28:35,106 - INFO - 📄 PAPER TRADE OPENED: momentum_standard DOWN @ 1.1647 (size: 0.001)
2025-09-02 09:28:35,106 - INFO - 📄 PAPER TRADE OPENED: hybrid_confluence DOWN @ 1.1647 (size: 0.004)
2025-09-02 09:29:35,556 - ERROR - Traditional decision error: 'int' object has no attribute 'tz'
2025-09-02 09:31:06,341 - INFO - 📄 PAPER TRADE CLOSED: cluster_patterns (time_exit) PnL: $-0.26 (-15.6 pips)
2025-09-02 09:31:36,519 - INFO - 📄 PAPER TRADE CLOSED: momentum_standard (time_exit) PnL: $+0.03 (+7.8 pips)
2025-09-02 09:31:36,521 - INFO - ⚡ Hybrid System Decisions: 1 new signals
2025-09-02 09:31:36,521 - INFO -    📊 momentum_standard: DOWN (confidence: 15.75%)
2025-09-02 09:31:36,521 - INFO - 📄 PAPER TRADE OPENED: momentum_standard DOWN @ 1.1647 (size: 0.002)
2025-09-02 09:34:08,170 - INFO - 📄 PAPER TRADE CLOSED: cluster_patterns (time_exit) PnL: $-0.26 (-15.6 pips)
2025-09-02 09:34:38,458 - INFO - 📄 PAPER TRADE CLOSED: momentum_standard (time_exit) PnL: $+0.03 (+7.8 pips)
2025-09-02 09:34:38,461 - ERROR - Traditional decision error: 'int' object has no attribute 'tz'
2025-09-02 09:34:38,464 - INFO - ⚡ Hybrid System Decisions: 1 new signals
2025-09-02 09:34:38,464 - INFO -    📊 momentum_standard: DOWN (confidence: 15.75%)
2025-09-02 09:34:38,464 - INFO - 📄 PAPER TRADE OPENED: momentum_standard DOWN @ 1.1647 (size: 0.002)
2025-09-02 09:37:09,713 - INFO - 📄 PAPER TRADE CLOSED: cluster_patterns (time_exit) PnL: $-0.31 (-19.1 pips)
2025-09-02 09:37:39,912 - INFO - 📄 PAPER TRADE CLOSED: momentum_standard (time_exit) PnL: $+0.04 (+10.7 pips)
2025-09-02 09:37:39,914 - INFO - ⚡ Hybrid System Decisions: 1 new signals
2025-09-02 09:37:39,914 - INFO -    📊 momentum_standard: DOWN (confidence: 15.08%)
2025-09-02 09:37:39,914 - INFO - 📄 PAPER TRADE OPENED: momentum_standard DOWN @ 1.1645 (size: 0.002)
2025-09-02 09:39:40,785 - ERROR - Traditional decision error: 'int' object has no attribute 'tz'
2025-09-02 09:40:11,002 - INFO - 📄 PAPER TRADE CLOSED: cluster_patterns (time_exit) PnL: $-0.30 (-18.6 pips)
2025-09-02 09:40:41,228 - INFO - 📄 PAPER TRADE CLOSED: hybrid_confluence (time_exit) PnL: $+0.07 (+5.1 pips)
2025-09-02 09:40:41,228 - INFO - 📄 PAPER TRADE CLOSED: momentum_standard (time_exit) PnL: $+0.03 (+8.2 pips)
2025-09-02 09:40:41,228 - INFO - 📄 PAPER TRADE CLOSED: momentum_micro (time_exit) PnL: $+0.00 (+1.2 pips)
2025-09-02 09:40:41,230 - INFO - ⚡ Hybrid System Decisions: 1 new signals
2025-09-02 09:40:41,230 - INFO -    📊 momentum_standard: DOWN (confidence: 14.82%)
2025-09-02 09:40:41,230 - INFO - 📄 PAPER TRADE OPENED: momentum_standard DOWN @ 1.1645 (size: 0.002)
2025-09-02 09:43:12,315 - INFO - 📄 PAPER TRADE CLOSED: cluster_patterns (time_exit) PnL: $-0.32 (-19.4 pips)
2025-09-02 09:43:42,507 - INFO - 📄 PAPER TRADE CLOSED: hybrid_confluence (time_exit) PnL: $+0.07 (+5.1 pips)
2025-09-02 09:43:42,507 - INFO - 📄 PAPER TRADE CLOSED: momentum_standard (time_exit) PnL: $+0.03 (+8.2 pips)
2025-09-02 09:43:42,507 - INFO - 📄 PAPER TRADE CLOSED: momentum_micro (time_exit) PnL: $+0.00 (+1.2 pips)
2025-09-02 09:43:42,509 - INFO - ⚡ Hybrid System Decisions: 1 new signals
2025-09-02 09:43:42,509 - INFO -    📊 momentum_standard: DOWN (confidence: 14.82%)
2025-09-02 09:43:42,509 - INFO - 📄 PAPER TRADE OPENED: momentum_standard DOWN @ 1.1645 (size: 0.002)
2025-09-02 09:44:43,016 - ERROR - Traditional decision error: 'int' object has no attribute 'tz'
2025-09-02 09:46:13,668 - INFO - 📄 PAPER TRADE CLOSED: cluster_patterns (time_exit) PnL: $-0.23 (-13.8 pips)
2025-09-02 09:46:43,878 - INFO - 📄 PAPER TRADE CLOSED: momentum_standard (time_exit) PnL: $+0.04 (+8.8 pips)
2025-09-02 09:46:43,879 - INFO - ⚡ Hybrid System Decisions: 1 new signals
2025-09-02 09:46:43,880 - INFO -    📊 momentum_standard: DOWN (confidence: 12.34%)
2025-09-02 09:46:43,880 - INFO - 📄 PAPER TRADE OPENED: momentum_standard DOWN @ 1.1644 (size: 0.001)
2025-09-02 09:50:14,947 - INFO - 🚀 Starting HYBRID trading session: 120 minutes
2025-09-02 09:54:47,104 - ERROR - Traditional decision error: 'int' object has no attribute 'tz'
2025-09-02 09:55:47,516 - INFO - ⚡ Hybrid System Decisions: 1 new signals
2025-09-02 09:55:47,517 - INFO -    📊 momentum_standard: DOWN (confidence: 10.54%)
2025-09-02 09:55:47,517 - INFO - 📄 PAPER TRADE OPENED: momentum_standard DOWN @ 1.1644 (size: 0.001)
2025-09-02 09:58:48,984 - INFO - ⚡ Hybrid System Decisions: 1 new signals
2025-09-02 09:58:48,987 - INFO -    📊 momentum_standard: DOWN (confidence: 10.54%)
2025-09-02 09:58:48,987 - INFO - 📄 PAPER TRADE OPENED: momentum_standard DOWN @ 1.1644 (size: 0.001)
2025-09-02 09:59:49,398 - ERROR - Traditional decision error: 'int' object has no attribute 'tz'
2025-09-02 10:01:50,314 - INFO - ⚡ Hybrid System Decisions: 1 new signals
2025-09-02 10:01:50,314 - INFO -    📊 momentum_standard: DOWN (confidence: 11.46%)
2025-09-02 10:01:50,314 - INFO - 📄 PAPER TRADE OPENED: momentum_standard DOWN @ 1.1644 (size: 0.001)
2025-09-02 10:04:52,053 - ERROR - Traditional decision error: 'int' object has no attribute 'tz'
2025-09-02 10:04:52,055 - INFO - ⚡ Hybrid System Decisions: 1 new signals
2025-09-02 10:04:52,055 - INFO -    📊 momentum_standard: DOWN (confidence: 11.46%)
2025-09-02 10:04:52,055 - INFO - 📄 PAPER TRADE OPENED: momentum_standard DOWN @ 1.1644 (size: 0.001)
2025-09-02 10:07:53,444 - INFO - ⚡ Hybrid System Decisions: 1 new signals
2025-09-02 10:07:53,444 - INFO -    📊 momentum_standard: DOWN (confidence: 10.97%)
2025-09-02 10:07:53,444 - INFO - 📄 PAPER TRADE OPENED: momentum_standard DOWN @ 1.1643 (size: 0.001)
2025-09-02 10:09:54,343 - ERROR - Traditional decision error: 'int' object has no attribute 'tz'
2025-09-02 10:10:54,745 - INFO - ⚡ Hybrid System Decisions: 1 new signals
2025-09-02 10:10:54,745 - INFO -    📊 momentum_standard: DOWN (confidence: 7.64%)
2025-09-02 10:10:54,745 - INFO - 📄 PAPER TRADE OPENED: momentum_standard DOWN @ 1.1645 (size: 0.001)
2025-09-02 10:13:56,862 - INFO - ⚡ Hybrid System Decisions: 1 new signals
2025-09-02 10:13:56,862 - INFO -    📊 momentum_standard: DOWN (confidence: 7.64%)
2025-09-02 10:13:56,862 - INFO - 📄 PAPER TRADE OPENED: momentum_standard DOWN @ 1.1645 (size: 0.001)
2025-09-02 10:14:57,326 - ERROR - Traditional decision error: 'int' object has no attribute 'tz'
2025-09-02 10:19:59,466 - ERROR - Traditional decision error: 'int' object has no attribute 'tz'
2025-09-02 10:25:01,475 - ERROR - Traditional decision error: 'int' object has no attribute 'tz'
2025-09-02 10:30:04,258 - ERROR - Traditional decision error: 'int' object has no attribute 'tz'
2025-09-02 10:35:06,449 - ERROR - Traditional decision error: 'int' object has no attribute 'tz'
2025-09-02 10:40:09,363 - ERROR - Traditional decision error: 'int' object has no attribute 'tz'
2025-09-02 10:41:09,780 - INFO - 📄 PAPER TRADE CLOSED: momentum_standard (time_exit) PnL: $-0.00 (-1.4 pips)
2025-09-02 10:44:11,041 - INFO - 📄 PAPER TRADE CLOSED: momentum_standard (time_exit) PnL: $-0.00 (-1.4 pips)
2025-09-02 10:45:11,427 - ERROR - Traditional decision error: 'int' object has no attribute 'tz'
2025-09-02 10:47:12,303 - INFO - 📄 PAPER TRADE CLOSED: momentum_standard (time_exit) PnL: $-0.00 (-0.7 pips)
2025-09-02 10:50:13,563 - INFO - 📄 PAPER TRADE CLOSED: momentum_standard (time_exit) PnL: $+0.00 (+0.4 pips)
2025-09-02 10:50:13,565 - ERROR - Traditional decision error: 'int' object has no attribute 'tz'
2025-09-02 10:53:15,127 - INFO - 📄 PAPER TRADE CLOSED: momentum_standard (time_exit) PnL: $-0.00 (-1.0 pips)
2025-09-02 10:55:16,197 - ERROR - Traditional decision error: 'int' object has no attribute 'tz'
2025-09-02 10:56:16,549 - INFO - 📄 PAPER TRADE CLOSED: momentum_standard (time_exit) PnL: $+0.00 (+0.7 pips)
2025-09-02 10:59:18,059 - INFO - 📄 PAPER TRADE CLOSED: momentum_standard (time_exit) PnL: $+0.00 (+0.7 pips)
2025-09-02 11:00:18,534 - ERROR - Traditional decision error: 'int' object has no attribute 'tz'
2025-09-02 11:05:20,652 - ERROR - Traditional decision error: 'int' object has no attribute 'tz'
2025-09-02 11:10:23,301 - ERROR - Traditional decision error: 'int' object has no attribute 'tz'
2025-09-02 11:15:27,045 - ERROR - Traditional decision error: 'int' object has no attribute 'tz'
2025-09-02 11:20:29,390 - ERROR - Traditional decision error: 'int' object has no attribute 'tz'
2025-09-02 11:25:32,342 - ERROR - Traditional decision error: 'int' object has no attribute 'tz'
2025-09-02 11:30:36,280 - ERROR - Traditional decision error: 'int' object has no attribute 'tz'
2025-09-02 11:35:38,637 - ERROR - Traditional decision error: 'int' object has no attribute 'tz'
2025-09-02 11:40:41,471 - ERROR - Traditional decision error: 'int' object has no attribute 'tz'
2025-09-02 11:45:44,593 - ERROR - Traditional decision error: 'int' object has no attribute 'tz'
2025-09-02 11:51:16,863 - INFO - 🚀 Starting HYBRID trading session: 120 minutes
2025-09-02 11:55:49,943 - ERROR - Traditional decision error: 'int' object has no attribute 'tz'
2025-09-02 12:00:52,703 - ERROR - Traditional decision error: 'int' object has no attribute 'tz'
2025-09-02 12:05:56,067 - ERROR - Traditional decision error: 'int' object has no attribute 'tz'
2025-09-02 12:10:58,319 - ERROR - Traditional decision error: 'int' object has no attribute 'tz'
2025-09-02 12:16:01,752 - ERROR - Traditional decision error: 'int' object has no attribute 'tz'
2025-09-02 12:21:04,685 - ERROR - Traditional decision error: 'int' object has no attribute 'tz'
2025-09-02 12:26:07,425 - ERROR - Traditional decision error: 'int' object has no attribute 'tz'
2025-09-02 12:31:10,971 - ERROR - Traditional decision error: 'int' object has no attribute 'tz'
2025-09-02 12:36:13,866 - ERROR - Traditional decision error: 'int' object has no attribute 'tz'
2025-09-02 12:41:16,731 - ERROR - Traditional decision error: 'int' object has no attribute 'tz'
2025-09-02 12:46:19,320 - ERROR - Traditional decision error: 'int' object has no attribute 'tz'
2025-09-02 12:51:21,992 - ERROR - Traditional decision error: 'int' object has no attribute 'tz'
2025-09-02 12:56:25,559 - ERROR - Traditional decision error: 'int' object has no attribute 'tz'
2025-09-02 13:01:27,985 - ERROR - Traditional decision error: 'int' object has no attribute 'tz'
2025-09-02 13:06:31,449 - ERROR - Traditional decision error: 'int' object has no attribute 'tz'
2025-09-02 13:11:34,714 - ERROR - Traditional decision error: 'int' object has no attribute 'tz'
2025-09-02 13:16:37,372 - ERROR - Traditional decision error: 'int' object has no attribute 'tz'
2025-09-02 13:21:40,363 - ERROR - Traditional decision error: 'int' object has no attribute 'tz'
2025-09-02 13:26:43,070 - ERROR - Traditional decision error: 'int' object has no attribute 'tz'
2025-09-02 13:31:46,010 - ERROR - Traditional decision error: 'int' object has no attribute 'tz'
2025-09-02 13:36:49,347 - ERROR - Traditional decision error: 'int' object has no attribute 'tz'
2025-09-02 13:41:51,454 - ERROR - Traditional decision error: 'int' object has no attribute 'tz'
2025-09-02 13:46:54,260 - ERROR - Traditional decision error: 'int' object has no attribute 'tz'
2025-09-02 13:52:27,269 - INFO - 🚀 Starting HYBRID trading session: 120 minutes
2025-09-02 13:57:00,074 - ERROR - Traditional decision error: 'int' object has no attribute 'tz'
2025-09-02 14:00:01,513 - INFO - 💤 💤 SLEEP MODE: Markets closed - conserving energy
2025-09-02 14:05:01,523 - INFO - 💤 💤 SLEEP MODE: Markets closed - conserving energy
2025-09-02 14:10:01,533 - INFO - 💤 💤 SLEEP MODE: Markets closed - conserving energy
2025-09-02 14:15:01,516 - INFO - 💤 💤 SLEEP MODE: Markets closed - conserving energy
2025-09-02 14:20:01,533 - INFO - 💤 💤 SLEEP MODE: Markets closed - conserving energy
2025-09-02 14:25:01,550 - INFO - 💤 💤 SLEEP MODE: Markets closed - conserving energy
2025-09-02 14:30:01,562 - INFO - 💤 💤 SLEEP MODE: Markets closed - conserving energy
2025-09-02 14:35:01,572 - INFO - 💤 💤 SLEEP MODE: Markets closed - conserving energy
2025-09-02 14:40:01,521 - INFO - 💤 💤 SLEEP MODE: Markets closed - conserving energy
2025-09-02 14:45:01,529 - INFO - 💤 💤 SLEEP MODE: Markets closed - conserving energy
2025-09-02 14:50:01,535 - INFO - 💤 💤 SLEEP MODE: Markets closed - conserving energy
2025-09-02 14:55:01,545 - INFO - 💤 💤 SLEEP MODE: Markets closed - conserving energy
2025-09-02 15:02:04,674 - ERROR - Traditional decision error: 'int' object has no attribute 'tz'
2025-09-02 15:07:07,081 - ERROR - Traditional decision error: 'int' object has no attribute 'tz'
2025-09-02 15:12:09,333 - ERROR - Traditional decision error: 'int' object has no attribute 'tz'
2025-09-02 15:17:11,931 - ERROR - Traditional decision error: 'int' object has no attribute 'tz'
2025-09-02 15:22:15,511 - ERROR - Traditional decision error: 'int' object has no attribute 'tz'
2025-09-02 15:27:17,970 - ERROR - Traditional decision error: 'int' object has no attribute 'tz'
2025-09-02 15:32:20,058 - ERROR - Traditional decision error: 'int' object has no attribute 'tz'
